[04-Dec-2023 23:41:33 Europe/Moscow] PHP Warning:  require_once(./php/connectDB.php): failed to open stream: No such file or directory in /var/www/unturned_how_usr/data/www/unturned.how/php/functions.php on line 2
[04-Dec-2023 23:41:33 Europe/Moscow] PHP Fatal error:  require_once(): Failed opening required './php/connectDB.php' (include_path='.:/usr/share/php') in /var/www/unturned_how_usr/data/www/unturned.how/php/functions.php on line 2
[04-Dec-2023 23:43:09 Europe/Moscow] PHP Warning:  require_once(/var/www/unturned_how_usr/data/www/unturned.how/maps/connectDB.php): failed to open stream: No such file or directory in /var/www/unturned_how_usr/data/www/unturned.how/maps/index.php on line 6
[04-Dec-2023 23:43:09 Europe/Moscow] PHP Fatal error:  require_once(): Failed opening required '/var/www/unturned_how_usr/data/www/unturned.how/maps/connectDB.php' (include_path='.:/usr/share/php') in /var/www/unturned_how_usr/data/www/unturned.how/maps/index.php on line 6
[04-Dec-2023 23:43:23 Europe/Moscow] PHP Warning:  require_once(/var/www/unturned_how_usr/data/www/unturned.how/maps/connectDB.php): failed to open stream: No such file or directory in /var/www/unturned_how_usr/data/www/unturned.how/maps/index.php on line 6
[04-Dec-2023 23:43:23 Europe/Moscow] PHP Fatal error:  require_once(): Failed opening required '/var/www/unturned_how_usr/data/www/unturned.how/maps/connectDB.php' (include_path='.:/usr/share/php') in /var/www/unturned_how_usr/data/www/unturned.how/maps/index.php on line 6
[04-Dec-2023 23:43:30 Europe/Moscow] PHP Warning:  require_once(/var/www/unturned_how_usr/data/www/unturned.how/maps/connectDB.php): failed to open stream: No such file or directory in /var/www/unturned_how_usr/data/www/unturned.how/maps/index.php on line 6
[04-Dec-2023 23:43:30 Europe/Moscow] PHP Fatal error:  require_once(): Failed opening required '/var/www/unturned_how_usr/data/www/unturned.how/maps/connectDB.php' (include_path='.:/usr/share/php') in /var/www/unturned_how_usr/data/www/unturned.how/maps/index.php on line 6
[04-Dec-2023 23:45:09 Europe/Moscow] PHP Warning:  require_once(/var/www/unturned_how_usr/data/www/unturned.how/mapsphp/connectDB.php): failed to open stream: No such file or directory in /var/www/unturned_how_usr/data/www/unturned.how/maps/index.php on line 6
[04-Dec-2023 23:45:09 Europe/Moscow] PHP Fatal error:  require_once(): Failed opening required '/var/www/unturned_how_usr/data/www/unturned.how/mapsphp/connectDB.php' (include_path='.:/usr/share/php') in /var/www/unturned_how_usr/data/www/unturned.how/maps/index.php on line 6
[04-Dec-2023 23:45:12 Europe/Moscow] PHP Warning:  require_once(/var/www/unturned_how_usr/data/www/unturned.how/mapsphp/connectDB.php): failed to open stream: No such file or directory in /var/www/unturned_how_usr/data/www/unturned.how/maps/index.php on line 6
[04-Dec-2023 23:45:12 Europe/Moscow] PHP Fatal error:  require_once(): Failed opening required '/var/www/unturned_how_usr/data/www/unturned.how/mapsphp/connectDB.php' (include_path='.:/usr/share/php') in /var/www/unturned_how_usr/data/www/unturned.how/maps/index.php on line 6
[04-Dec-2023 23:46:20 Europe/Moscow] PHP Warning:  require_once(/var/www/unturned_how_usr/data/www/unturned.how/mapsphp/connectDB.php): failed to open stream: No such file or directory in /var/www/unturned_how_usr/data/www/unturned.how/maps/index.php on line 6
[04-Dec-2023 23:46:20 Europe/Moscow] PHP Fatal error:  require_once(): Failed opening required '/var/www/unturned_how_usr/data/www/unturned.how/mapsphp/connectDB.php' (include_path='.:/usr/share/php') in /var/www/unturned_how_usr/data/www/unturned.how/maps/index.php on line 6
[04-Dec-2023 23:48:31 Europe/Moscow] PHP Warning:  require_once(/var/www/unturned_how_usr/data/www/unturned.how/maps./php/connectDB.php): failed to open stream: No such file or directory in /var/www/unturned_how_usr/data/www/unturned.how/maps/index.php on line 6
[04-Dec-2023 23:48:31 Europe/Moscow] PHP Fatal error:  require_once(): Failed opening required '/var/www/unturned_how_usr/data/www/unturned.how/maps./php/connectDB.php' (include_path='.:/usr/share/php') in /var/www/unturned_how_usr/data/www/unturned.how/maps/index.php on line 6
[04-Dec-2023 23:48:56 Europe/Moscow] PHP Warning:  require_once(/var/www/unturned_how_usr/data/www/unturned.how/maps./connectDB.php): failed to open stream: No such file or directory in /var/www/unturned_how_usr/data/www/unturned.how/maps/index.php on line 6
[04-Dec-2023 23:48:56 Europe/Moscow] PHP Fatal error:  require_once(): Failed opening required '/var/www/unturned_how_usr/data/www/unturned.how/maps./connectDB.php' (include_path='.:/usr/share/php') in /var/www/unturned_how_usr/data/www/unturned.how/maps/index.php on line 6
[04-Dec-2023 23:50:47 Europe/Moscow] PHP Warning:  require_once(/var/www/unturned_how_usr/data/www/unturned.how/maps./connectDB.php): failed to open stream: No such file or directory in /var/www/unturned_how_usr/data/www/unturned.how/maps/index.php on line 6
[04-Dec-2023 23:50:47 Europe/Moscow] PHP Fatal error:  require_once(): Failed opening required '/var/www/unturned_how_usr/data/www/unturned.how/maps./connectDB.php' (include_path='.:/usr/share/php') in /var/www/unturned_how_usr/data/www/unturned.how/maps/index.php on line 6
[04-Dec-2023 23:53:17 Europe/Moscow] PHP Warning:  require_once(/var/www/unturned_how_usr/data/www/unturned.how/maps./connectDB.php): failed to open stream: No such file or directory in /var/www/unturned_how_usr/data/www/unturned.how/maps/index.php on line 6
[04-Dec-2023 23:53:17 Europe/Moscow] PHP Fatal error:  require_once(): Failed opening required '/var/www/unturned_how_usr/data/www/unturned.how/maps./connectDB.php' (include_path='.:/usr/share/php') in /var/www/unturned_how_usr/data/www/unturned.how/maps/index.php on line 6
[04-Dec-2023 23:56:28 Europe/Moscow] PHP Warning:  require_once(./php/connectDB.php): failed to open stream: No such file or directory in /var/www/unturned_how_usr/data/www/unturned.how/php/functions.php on line 2
[04-Dec-2023 23:56:28 Europe/Moscow] PHP Fatal error:  require_once(): Failed opening required './php/connectDB.php' (include_path='.:/usr/share/php') in /var/www/unturned_how_usr/data/www/unturned.how/php/functions.php on line 2
[04-Dec-2023 23:56:32 Europe/Moscow] PHP Warning:  require_once(./php/connectDB.php): failed to open stream: No such file or directory in /var/www/unturned_how_usr/data/www/unturned.how/php/functions.php on line 2
[04-Dec-2023 23:56:32 Europe/Moscow] PHP Fatal error:  require_once(): Failed opening required './php/connectDB.php' (include_path='.:/usr/share/php') in /var/www/unturned_how_usr/data/www/unturned.how/php/functions.php on line 2
[04-Dec-2023 23:58:26 Europe/Moscow] PHP Warning:  require_once(./php/connectDB.php): failed to open stream: No such file or directory in /var/www/unturned_how_usr/data/www/unturned.how/php/functions.php on line 2
[04-Dec-2023 23:58:26 Europe/Moscow] PHP Fatal error:  require_once(): Failed opening required './php/connectDB.php' (include_path='.:/usr/share/php') in /var/www/unturned_how_usr/data/www/unturned.how/php/functions.php on line 2
[05-Dec-2023 00:00:14 Europe/Moscow] PHP Warning:  require_once(./php/connectDB.php): failed to open stream: No such file or directory in /var/www/unturned_how_usr/data/www/unturned.how/php/functions.php on line 2
[05-Dec-2023 00:00:14 Europe/Moscow] PHP Fatal error:  require_once(): Failed opening required './php/connectDB.php' (include_path='.:/usr/share/php') in /var/www/unturned_how_usr/data/www/unturned.how/php/functions.php on line 2
[05-Dec-2023 00:00:31 Europe/Moscow] PHP Warning:  require_once(/var/www/unturned_how_usr/data/www/unturned.how/php./php/connectDB.php): failed to open stream: No such file or directory in /var/www/unturned_how_usr/data/www/unturned.how/php/functions.php on line 2
[05-Dec-2023 00:00:31 Europe/Moscow] PHP Fatal error:  require_once(): Failed opening required '/var/www/unturned_how_usr/data/www/unturned.how/php./php/connectDB.php' (include_path='.:/usr/share/php') in /var/www/unturned_how_usr/data/www/unturned.how/php/functions.php on line 2
[05-Dec-2023 00:00:32 Europe/Moscow] PHP Warning:  require_once(/var/www/unturned_how_usr/data/www/unturned.how/php./php/connectDB.php): failed to open stream: No such file or directory in /var/www/unturned_how_usr/data/www/unturned.how/php/functions.php on line 2
[05-Dec-2023 00:00:32 Europe/Moscow] PHP Fatal error:  require_once(): Failed opening required '/var/www/unturned_how_usr/data/www/unturned.how/php./php/connectDB.php' (include_path='.:/usr/share/php') in /var/www/unturned_how_usr/data/www/unturned.how/php/functions.php on line 2
[05-Dec-2023 00:02:16 Europe/Moscow] PHP Warning:  require_once(/var/www/unturned_how_usr/data/www/unturned.how/php./php/connectDB.php): failed to open stream: No such file or directory in /var/www/unturned_how_usr/data/www/unturned.how/php/functions.php on line 2
[05-Dec-2023 00:02:16 Europe/Moscow] PHP Fatal error:  require_once(): Failed opening required '/var/www/unturned_how_usr/data/www/unturned.how/php./php/connectDB.php' (include_path='.:/usr/share/php') in /var/www/unturned_how_usr/data/www/unturned.how/php/functions.php on line 2
[05-Dec-2023 00:10:03 Europe/Moscow] PHP Warning:  require_once(./php/connectDB.php): failed to open stream: No such file or directory in /var/www/unturned_how_usr/data/www/unturned.how/php/functions.php on line 2
[05-Dec-2023 00:10:03 Europe/Moscow] PHP Fatal error:  require_once(): Failed opening required './php/connectDB.php' (include_path='.:/usr/share/php') in /var/www/unturned_how_usr/data/www/unturned.how/php/functions.php on line 2
[05-Dec-2023 12:24:31 Europe/Moscow] PHP Parse error:  syntax error, unexpected 'js' (T_STRING), expecting ',' or ';' in /var/www/unturned_how_usr/data/www/unturned.how/php/modules/header.php on line 37
[07-Dec-2023 18:30:06 Europe/Moscow] PHP Warning:  require_once(/php/connectDB.php): failed to open stream: No such file or directory in /var/www/unturned_how_usr/data/www/unturned.how/php/functions.php on line 2
[07-Dec-2023 18:30:06 Europe/Moscow] PHP Fatal error:  require_once(): Failed opening required '/php/connectDB.php' (include_path='.:/usr/share/php') in /var/www/unturned_how_usr/data/www/unturned.how/php/functions.php on line 2
[07-Dec-2023 18:30:14 Europe/Moscow] PHP Warning:  require_once(/var/www/unturned_how_usr/data/www/unturned.how/php/php/connectDB.php): failed to open stream: No such file or directory in /var/www/unturned_how_usr/data/www/unturned.how/php/functions.php on line 2
[07-Dec-2023 18:30:14 Europe/Moscow] PHP Fatal error:  require_once(): Failed opening required '/var/www/unturned_how_usr/data/www/unturned.how/php/php/connectDB.php' (include_path='.:/usr/share/php') in /var/www/unturned_how_usr/data/www/unturned.how/php/functions.php on line 2
[07-Dec-2023 18:30:15 Europe/Moscow] PHP Warning:  require_once(/var/www/unturned_how_usr/data/www/unturned.how/php/php/connectDB.php): failed to open stream: No such file or directory in /var/www/unturned_how_usr/data/www/unturned.how/php/functions.php on line 2
[07-Dec-2023 18:30:15 Europe/Moscow] PHP Fatal error:  require_once(): Failed opening required '/var/www/unturned_how_usr/data/www/unturned.how/php/php/connectDB.php' (include_path='.:/usr/share/php') in /var/www/unturned_how_usr/data/www/unturned.how/php/functions.php on line 2
